{"C:\\Users\\Marulord\\Desktop\\portfolio-app\\portfolio-serverless-api\\src\\__test__\\mocks\\functions\\dynamo_db.js": {"path":"C:\\Users\\Marulord\\Desktop\\portfolio-app\\portfolio-serverless-api\\src\\__test__\\mocks\\functions\\dynamo_db.js","statementMap":{"0":{"start":{"line":1,"column":43},"end":{"line":1,"column":72}},"1":{"start":{"line":3,"column":22},"end":{"line":18,"column":1}},"2":{"start":{"line":4,"column":2},"end":{"line":17,"column":5}},"3":{"start":{"line":5,"column":4},"end":{"line":11,"column":5}},"4":{"start":{"line":6,"column":6},"end":{"line":10,"column":8}},"5":{"start":{"line":8,"column":10},"end":{"line":8,"column":38}},"6":{"start":{"line":12,"column":4},"end":{"line":16,"column":6}},"7":{"start":{"line":14,"column":8},"end":{"line":14,"column":37}},"8":{"start":{"line":30,"column":0},"end":{"line":30,"column":35}}},"fnMap":{"0":{"name":"(anonymous_0)","decl":{"start":{"line":3,"column":22},"end":{"line":3,"column":23}},"loc":{"start":{"line":3,"column":65},"end":{"line":18,"column":1}},"line":3},"1":{"name":"(anonymous_1)","decl":{"start":{"line":4,"column":69},"end":{"line":4,"column":70}},"loc":{"start":{"line":4,"column":75},"end":{"line":17,"column":3}},"line":4},"2":{"name":"(anonymous_2)","decl":{"start":{"line":7,"column":46},"end":{"line":7,"column":47}},"loc":{"start":{"line":7,"column":52},"end":{"line":9,"column":9}},"line":7},"3":{"name":"(anonymous_3)","decl":{"start":{"line":13,"column":44},"end":{"line":13,"column":45}},"loc":{"start":{"line":13,"column":50},"end":{"line":15,"column":7}},"line":13}},"branchMap":{"0":{"loc":{"start":{"line":3,"column":36},"end":{"line":3,"column":54}},"type":"default-arg","locations":[{"start":{"line":3,"column":49},"end":{"line":3,"column":54}}],"line":3},"1":{"loc":{"start":{"line":5,"column":4},"end":{"line":11,"column":5}},"type":"if","locations":[{"start":{"line":5,"column":4},"end":{"line":11,"column":5}},{"start":{},"end":{}}],"line":5}},"s":{"0":1,"1":1,"2":3,"3":3,"4":1,"5":1,"6":2,"7":2,"8":1},"f":{"0":3,"1":3,"2":1,"3":2},"b":{"0":[0],"1":[1,2]},"_coverageSchema":"1a1c01bbd47fc00a2c39e90264f33305004495a9","hash":"73cfe7d067b808635421bc32ec48ce94043066a2"}
,"C:\\Users\\Marulord\\Desktop\\portfolio-app\\portfolio-serverless-api\\src\\__test__\\mocks\\mockedData\\user.js": {"path":"C:\\Users\\Marulord\\Desktop\\portfolio-app\\portfolio-serverless-api\\src\\__test__\\mocks\\mockedData\\user.js","statementMap":{"0":{"start":{"line":1,"column":19},"end":{"line":10,"column":1}},"1":{"start":{"line":12,"column":27},"end":{"line":19,"column":1}},"2":{"start":{"line":21,"column":0},"end":{"line":21,"column":52}}},"fnMap":{},"branchMap":{},"s":{"0":1,"1":1,"2":1},"f":{},"b":{},"_coverageSchema":"1a1c01bbd47fc00a2c39e90264f33305004495a9","hash":"9ac6699b351facd199e0d57bba93a88669aa8bb7"}
,"C:\\Users\\Marulord\\Desktop\\portfolio-app\\portfolio-serverless-api\\src\\__test__\\testUtils\\eventGenerator.js": {"path":"C:\\Users\\Marulord\\Desktop\\portfolio-app\\portfolio-serverless-api\\src\\__test__\\testUtils\\eventGenerator.js","statementMap":{"0":{"start":{"line":1,"column":26},"end":{"line":50,"column":1}},"1":{"start":{"line":9,"column":18},"end":{"line":48,"column":3}},"2":{"start":{"line":49,"column":2},"end":{"line":49,"column":17}},"3":{"start":{"line":52,"column":0},"end":{"line":52,"column":35}}},"fnMap":{"0":{"name":"(anonymous_0)","decl":{"start":{"line":1,"column":26},"end":{"line":1,"column":27}},"loc":{"start":{"line":8,"column":6},"end":{"line":50,"column":1}},"line":8}},"branchMap":{"0":{"loc":{"start":{"line":4,"column":2},"end":{"line":4,"column":11}},"type":"default-arg","locations":[{"start":{"line":4,"column":9},"end":{"line":4,"column":11}}],"line":4},"1":{"loc":{"start":{"line":7,"column":2},"end":{"line":7,"column":23}},"type":"default-arg","locations":[{"start":{"line":7,"column":19},"end":{"line":7,"column":23}}],"line":7},"2":{"loc":{"start":{"line":10,"column":12},"end":{"line":10,"column":46}},"type":"cond-expr","locations":[{"start":{"line":10,"column":19},"end":{"line":10,"column":39}},{"start":{"line":10,"column":42},"end":{"line":10,"column":46}}],"line":10},"3":{"loc":{"start":{"line":16,"column":22},"end":{"line":16,"column":50}},"type":"binary-expr","locations":[{"start":{"line":16,"column":22},"end":{"line":16,"column":42}},{"start":{"line":16,"column":46},"end":{"line":16,"column":50}}],"line":16},"4":{"loc":{"start":{"line":17,"column":29},"end":{"line":17,"column":54}},"type":"binary-expr","locations":[{"start":{"line":17,"column":29},"end":{"line":17,"column":46}},{"start":{"line":17,"column":50},"end":{"line":17,"column":54}}],"line":17}},"s":{"0":1,"1":3,"2":3,"3":1},"f":{"0":3},"b":{"0":[3],"1":[3],"2":[0,3],"3":[3,0],"4":[3,3]},"_coverageSchema":"1a1c01bbd47fc00a2c39e90264f33305004495a9","hash":"b148c09fd04add0cbcda3cd510080cd3fc53f7de"}
,"C:\\Users\\Marulord\\Desktop\\portfolio-app\\portfolio-serverless-api\\src\\__test__\\testUtils\\validators.js": {"path":"C:\\Users\\Marulord\\Desktop\\portfolio-app\\portfolio-serverless-api\\src\\__test__\\testUtils\\validators.js","statementMap":{"0":{"start":{"line":1,"column":29},"end":{"line":9,"column":1}},"1":{"start":{"line":2,"column":40},"end":{"line":2,"column":48}},"2":{"start":{"line":4,"column":2},"end":{"line":4,"column":53}},"3":{"start":{"line":4,"column":40},"end":{"line":4,"column":53}},"4":{"start":{"line":5,"column":2},"end":{"line":5,"column":51}},"5":{"start":{"line":5,"column":38},"end":{"line":5,"column":51}},"6":{"start":{"line":6,"column":2},"end":{"line":6,"column":45}},"7":{"start":{"line":6,"column":32},"end":{"line":6,"column":45}},"8":{"start":{"line":7,"column":2},"end":{"line":7,"column":47}},"9":{"start":{"line":7,"column":34},"end":{"line":7,"column":47}},"10":{"start":{"line":8,"column":2},"end":{"line":8,"column":14}},"11":{"start":{"line":11,"column":25},"end":{"line":21,"column":1}},"12":{"start":{"line":12,"column":2},"end":{"line":18,"column":17}},"13":{"start":{"line":18,"column":4},"end":{"line":18,"column":17}},"14":{"start":{"line":20,"column":2},"end":{"line":20,"column":14}},"15":{"start":{"line":23,"column":0},"end":{"line":26,"column":2}}},"fnMap":{"0":{"name":"(anonymous_0)","decl":{"start":{"line":1,"column":29},"end":{"line":1,"column":30}},"loc":{"start":{"line":1,"column":43},"end":{"line":9,"column":1}},"line":1},"1":{"name":"(anonymous_1)","decl":{"start":{"line":11,"column":25},"end":{"line":11,"column":26}},"loc":{"start":{"line":11,"column":38},"end":{"line":21,"column":1}},"line":11}},"branchMap":{"0":{"loc":{"start":{"line":4,"column":2},"end":{"line":4,"column":53}},"type":"if","locations":[{"start":{"line":4,"column":2},"end":{"line":4,"column":53}},{"start":{},"end":{}}],"line":4},"1":{"loc":{"start":{"line":4,"column":6},"end":{"line":4,"column":38}},"type":"binary-expr","locations":[{"start":{"line":4,"column":6},"end":{"line":4,"column":11}},{"start":{"line":4,"column":15},"end":{"line":4,"column":23}},{"start":{"line":4,"column":27},"end":{"line":4,"column":38}}],"line":4},"2":{"loc":{"start":{"line":5,"column":2},"end":{"line":5,"column":51}},"type":"if","locations":[{"start":{"line":5,"column":2},"end":{"line":5,"column":51}},{"start":{},"end":{}}],"line":5},"3":{"loc":{"start":{"line":6,"column":2},"end":{"line":6,"column":45}},"type":"if","locations":[{"start":{"line":6,"column":2},"end":{"line":6,"column":45}},{"start":{},"end":{}}],"line":6},"4":{"loc":{"start":{"line":7,"column":2},"end":{"line":7,"column":47}},"type":"if","locations":[{"start":{"line":7,"column":2},"end":{"line":7,"column":47}},{"start":{},"end":{}}],"line":7},"5":{"loc":{"start":{"line":12,"column":2},"end":{"line":18,"column":17}},"type":"if","locations":[{"start":{"line":12,"column":2},"end":{"line":18,"column":17}},{"start":{},"end":{}}],"line":12},"6":{"loc":{"start":{"line":14,"column":6},"end":{"line":15,"column":46}},"type":"binary-expr","locations":[{"start":{"line":14,"column":6},"end":{"line":14,"column":52}},{"start":{"line":15,"column":6},"end":{"line":15,"column":46}}],"line":14}},"s":{"0":1,"1":3,"2":3,"3":0,"4":3,"5":0,"6":3,"7":0,"8":3,"9":0,"10":3,"11":1,"12":3,"13":0,"14":3,"15":1},"f":{"0":3,"1":3},"b":{"0":[0,3],"1":[3,3,3],"2":[0,3],"3":[0,3],"4":[0,3],"5":[0,3],"6":[3,2]},"_coverageSchema":"1a1c01bbd47fc00a2c39e90264f33305004495a9","hash":"8fc459dba2ca05a54b23ee715e04d580cb278eb1"}
,"C:\\Users\\Marulord\\Desktop\\portfolio-app\\portfolio-serverless-api\\src\\controllers\\user.js": {"path":"C:\\Users\\Marulord\\Desktop\\portfolio-app\\portfolio-serverless-api\\src\\controllers\\user.js","statementMap":{"0":{"start":{"line":1,"column":20},"end":{"line":1,"column":47}},"1":{"start":{"line":2,"column":44},"end":{"line":2,"column":70}},"2":{"start":{"line":3,"column":25},"end":{"line":3,"column":53}},"3":{"start":{"line":4,"column":14},"end":{"line":4,"column":36}},"4":{"start":{"line":5,"column":18},"end":{"line":5,"column":45}},"5":{"start":{"line":6,"column":29},"end":{"line":6,"column":69}},"6":{"start":{"line":7,"column":25},"end":{"line":7,"column":61}},"7":{"start":{"line":8,"column":24},"end":{"line":8,"column":54}},"8":{"start":{"line":9,"column":27},"end":{"line":9,"column":66}},"9":{"start":{"line":11,"column":20},"end":{"line":11,"column":37}},"10":{"start":{"line":13,"column":19},"end":{"line":21,"column":2}},"11":{"start":{"line":14,"column":2},"end":{"line":20,"column":3}},"12":{"start":{"line":15,"column":17},"end":{"line":15,"column":39}},"13":{"start":{"line":16,"column":4},"end":{"line":16,"column":39}},"14":{"start":{"line":17,"column":4},"end":{"line":17,"column":35}},"15":{"start":{"line":19,"column":4},"end":{"line":19,"column":16}},"16":{"start":{"line":23,"column":19},"end":{"line":32,"column":2}},"17":{"start":{"line":24,"column":2},"end":{"line":31,"column":3}},"18":{"start":{"line":25,"column":25},"end":{"line":25,"column":35}},"19":{"start":{"line":26,"column":28},"end":{"line":26,"column":48}},"20":{"start":{"line":27,"column":17},"end":{"line":27,"column":72}},"21":{"start":{"line":28,"column":4},"end":{"line":28,"column":46}},"22":{"start":{"line":30,"column":4},"end":{"line":30,"column":16}},"23":{"start":{"line":34,"column":20},"end":{"line":41,"column":2}},"24":{"start":{"line":35,"column":2},"end":{"line":40,"column":3}},"25":{"start":{"line":36,"column":18},"end":{"line":36,"column":46}},"26":{"start":{"line":37,"column":4},"end":{"line":37,"column":42}},"27":{"start":{"line":39,"column":4},"end":{"line":39,"column":16}},"28":{"start":{"line":43,"column":16},"end":{"line":52,"column":2}},"29":{"start":{"line":44,"column":2},"end":{"line":51,"column":3}},"30":{"start":{"line":45,"column":28},"end":{"line":45,"column":48}},"31":{"start":{"line":46,"column":17},"end":{"line":46,"column":55}},"32":{"start":{"line":48,"column":4},"end":{"line":48,"column":35}},"33":{"start":{"line":50,"column":4},"end":{"line":50,"column":16}},"34":{"start":{"line":54,"column":0},"end":{"line":59,"column":3}},"35":{"start":{"line":60,"column":0},"end":{"line":66,"column":3}},"36":{"start":{"line":67,"column":0},"end":{"line":72,"column":3}},"37":{"start":{"line":73,"column":0},"end":{"line":79,"column":3}},"38":{"start":{"line":81,"column":0},"end":{"line":86,"column":2}}},"fnMap":{"0":{"name":"(anonymous_0)","decl":{"start":{"line":13,"column":25},"end":{"line":13,"column":26}},"loc":{"start":{"line":13,"column":42},"end":{"line":21,"column":1}},"line":13},"1":{"name":"(anonymous_1)","decl":{"start":{"line":23,"column":25},"end":{"line":23,"column":26}},"loc":{"start":{"line":23,"column":42},"end":{"line":32,"column":1}},"line":23},"2":{"name":"(anonymous_2)","decl":{"start":{"line":34,"column":26},"end":{"line":34,"column":27}},"loc":{"start":{"line":34,"column":43},"end":{"line":41,"column":1}},"line":34},"3":{"name":"(anonymous_3)","decl":{"start":{"line":43,"column":22},"end":{"line":43,"column":23}},"loc":{"start":{"line":43,"column":39},"end":{"line":52,"column":1}},"line":43}},"branchMap":{},"s":{"0":1,"1":1,"2":1,"3":1,"4":1,"5":1,"6":1,"7":1,"8":1,"9":1,"10":1,"11":0,"12":0,"13":0,"14":0,"15":0,"16":1,"17":0,"18":0,"19":0,"20":0,"21":0,"22":0,"23":1,"24":0,"25":0,"26":0,"27":0,"28":1,"29":3,"30":3,"31":3,"32":1,"33":2,"34":1,"35":1,"36":1,"37":1,"38":1},"f":{"0":0,"1":0,"2":0,"3":3},"b":{},"_coverageSchema":"1a1c01bbd47fc00a2c39e90264f33305004495a9","hash":"5c8c71cf2fd23fe77c932fc420a8f5dc346353d8"}
,"C:\\Users\\Marulord\\Desktop\\portfolio-app\\portfolio-serverless-api\\src\\schemas\\user.js": {"path":"C:\\Users\\Marulord\\Desktop\\portfolio-app\\portfolio-serverless-api\\src\\schemas\\user.js","statementMap":{"0":{"start":{"line":1,"column":25},"end":{"line":23,"column":1}},"1":{"start":{"line":25,"column":22},"end":{"line":36,"column":1}},"2":{"start":{"line":38,"column":0},"end":{"line":38,"column":53}}},"fnMap":{},"branchMap":{},"s":{"0":1,"1":1,"2":1},"f":{},"b":{},"_coverageSchema":"1a1c01bbd47fc00a2c39e90264f33305004495a9","hash":"f0a2a1b0c69f661c6a9f1945f380873f39286d07"}
,"C:\\Users\\Marulord\\Desktop\\portfolio-app\\portfolio-serverless-api\\src\\services\\user.js": {"path":"C:\\Users\\Marulord\\Desktop\\portfolio-app\\portfolio-serverless-api\\src\\services\\user.js","statementMap":{"0":{"start":{"line":1,"column":15},"end":{"line":1,"column":30}},"1":{"start":{"line":2,"column":12},"end":{"line":2,"column":30}},"2":{"start":{"line":3,"column":32},"end":{"line":3,"column":60}},"3":{"start":{"line":4,"column":20},"end":{"line":4,"column":42}},"4":{"start":{"line":8,"column":14},"end":{"line":8,"column":30}},"5":{"start":{"line":10,"column":4},"end":{"line":10,"column":54}},"6":{"start":{"line":13,"column":15},"end":{"line":35,"column":3}},"7":{"start":{"line":14,"column":62},"end":{"line":14,"column":66}},"8":{"start":{"line":15,"column":24},"end":{"line":15,"column":28}},"9":{"start":{"line":16,"column":20},"end":{"line":22,"column":5}},"10":{"start":{"line":23,"column":4},"end":{"line":34,"column":5}},"11":{"start":{"line":24,"column":6},"end":{"line":29,"column":19}},"12":{"start":{"line":31,"column":6},"end":{"line":33,"column":8}},"13":{"start":{"line":37,"column":13},"end":{"line":56,"column":3}},"14":{"start":{"line":38,"column":4},"end":{"line":55,"column":5}},"15":{"start":{"line":39,"column":20},"end":{"line":43,"column":18}},"16":{"start":{"line":44,"column":6},"end":{"line":46,"column":7}},"17":{"start":{"line":45,"column":8},"end":{"line":45,"column":69}},"18":{"start":{"line":47,"column":6},"end":{"line":47,"column":19}},"19":{"start":{"line":49,"column":6},"end":{"line":51,"column":7}},"20":{"start":{"line":50,"column":8},"end":{"line":50,"column":20}},"21":{"start":{"line":52,"column":6},"end":{"line":54,"column":8}},"22":{"start":{"line":58,"column":12},"end":{"line":79,"column":3}},"23":{"start":{"line":59,"column":4},"end":{"line":78,"column":5}},"24":{"start":{"line":60,"column":19},"end":{"line":65,"column":18}},"25":{"start":{"line":66,"column":6},"end":{"line":68,"column":7}},"26":{"start":{"line":67,"column":8},"end":{"line":67,"column":41}},"27":{"start":{"line":70,"column":6},"end":{"line":70,"column":23}},"28":{"start":{"line":72,"column":6},"end":{"line":74,"column":7}},"29":{"start":{"line":73,"column":8},"end":{"line":73,"column":20}},"30":{"start":{"line":75,"column":6},"end":{"line":77,"column":8}},"31":{"start":{"line":81,"column":15},"end":{"line":103,"column":3}},"32":{"start":{"line":82,"column":4},"end":{"line":102,"column":5}},"33":{"start":{"line":83,"column":25},"end":{"line":83,"column":57}},"34":{"start":{"line":84,"column":6},"end":{"line":84,"column":31}},"35":{"start":{"line":85,"column":6},"end":{"line":85,"column":38}},"36":{"start":{"line":86,"column":19},"end":{"line":93,"column":18}},"37":{"start":{"line":94,"column":6},"end":{"line":94,"column":18}},"38":{"start":{"line":96,"column":6},"end":{"line":98,"column":7}},"39":{"start":{"line":97,"column":8},"end":{"line":97,"column":20}},"40":{"start":{"line":99,"column":6},"end":{"line":101,"column":8}},"41":{"start":{"line":106,"column":0},"end":{"line":106,"column":29}}},"fnMap":{"0":{"name":"(anonymous_0)","decl":{"start":{"line":9,"column":2},"end":{"line":9,"column":3}},"loc":{"start":{"line":9,"column":16},"end":{"line":11,"column":3}},"line":9},"1":{"name":"(anonymous_1)","decl":{"start":{"line":13,"column":15},"end":{"line":13,"column":16}},"loc":{"start":{"line":13,"column":31},"end":{"line":35,"column":3}},"line":13},"2":{"name":"(anonymous_2)","decl":{"start":{"line":37,"column":13},"end":{"line":37,"column":14}},"loc":{"start":{"line":37,"column":25},"end":{"line":56,"column":3}},"line":37},"3":{"name":"(anonymous_3)","decl":{"start":{"line":58,"column":12},"end":{"line":58,"column":13}},"loc":{"start":{"line":58,"column":35},"end":{"line":79,"column":3}},"line":58},"4":{"name":"(anonymous_4)","decl":{"start":{"line":81,"column":15},"end":{"line":81,"column":16}},"loc":{"start":{"line":81,"column":51},"end":{"line":103,"column":3}},"line":81}},"branchMap":{"0":{"loc":{"start":{"line":44,"column":6},"end":{"line":46,"column":7}},"type":"if","locations":[{"start":{"line":44,"column":6},"end":{"line":46,"column":7}},{"start":{},"end":{}}],"line":44},"1":{"loc":{"start":{"line":49,"column":6},"end":{"line":51,"column":7}},"type":"if","locations":[{"start":{"line":49,"column":6},"end":{"line":51,"column":7}},{"start":{},"end":{}}],"line":49},"2":{"loc":{"start":{"line":66,"column":6},"end":{"line":68,"column":7}},"type":"if","locations":[{"start":{"line":66,"column":6},"end":{"line":68,"column":7}},{"start":{},"end":{}}],"line":66},"3":{"loc":{"start":{"line":72,"column":6},"end":{"line":74,"column":7}},"type":"if","locations":[{"start":{"line":72,"column":6},"end":{"line":74,"column":7}},{"start":{},"end":{}}],"line":72},"4":{"loc":{"start":{"line":96,"column":6},"end":{"line":98,"column":7}},"type":"if","locations":[{"start":{"line":96,"column":6},"end":{"line":98,"column":7}},{"start":{},"end":{}}],"line":96}},"s":{"0":1,"1":1,"2":1,"3":1,"4":1,"5":1,"6":1,"7":0,"8":0,"9":0,"10":0,"11":0,"12":0,"13":1,"14":0,"15":0,"16":0,"17":0,"18":0,"19":0,"20":0,"21":0,"22":1,"23":3,"24":3,"25":2,"26":1,"27":1,"28":2,"29":1,"30":1,"31":1,"32":0,"33":0,"34":0,"35":0,"36":0,"37":0,"38":0,"39":0,"40":0,"41":1},"f":{"0":1,"1":0,"2":0,"3":3,"4":0},"b":{"0":[0,0],"1":[0,0],"2":[1,1],"3":[1,1],"4":[0,0]},"_coverageSchema":"1a1c01bbd47fc00a2c39e90264f33305004495a9","hash":"793b97562a9664a55ad418c29a92b785d015e84d"}
,"C:\\Users\\Marulord\\Desktop\\portfolio-app\\portfolio-serverless-api\\utils\\utils.js": {"path":"C:\\Users\\Marulord\\Desktop\\portfolio-app\\portfolio-serverless-api\\utils\\utils.js","statementMap":{"0":{"start":{"line":1,"column":0},"end":{"line":13,"column":1}},"1":{"start":{"line":2,"column":19},"end":{"line":11,"column":3}},"2":{"start":{"line":12,"column":2},"end":{"line":12,"column":17}},"3":{"start":{"line":16,"column":0},"end":{"line":29,"column":1}},"4":{"start":{"line":17,"column":12},"end":{"line":21,"column":3}},"5":{"start":{"line":22,"column":2},"end":{"line":26,"column":4}},"6":{"start":{"line":23,"column":6},"end":{"line":23,"column":52}},"7":{"start":{"line":24,"column":6},"end":{"line":24,"column":52}},"8":{"start":{"line":25,"column":6},"end":{"line":25,"column":53}},"9":{"start":{"line":27,"column":2},"end":{"line":27,"column":59}},"10":{"start":{"line":28,"column":2},"end":{"line":28,"column":12}}},"fnMap":{"0":{"name":"(anonymous_0)","decl":{"start":{"line":1,"column":30},"end":{"line":1,"column":31}},"loc":{"start":{"line":1,"column":52},"end":{"line":13,"column":1}},"line":1},"1":{"name":"(anonymous_1)","decl":{"start":{"line":16,"column":37},"end":{"line":16,"column":38}},"loc":{"start":{"line":16,"column":49},"end":{"line":29,"column":1}},"line":16},"2":{"name":"(anonymous_2)","decl":{"start":{"line":22,"column":33},"end":{"line":22,"column":34}},"loc":{"start":{"line":22,"column":50},"end":{"line":26,"column":3}},"line":22}},"branchMap":{},"s":{"0":2,"1":2,"2":2,"3":2,"4":0,"5":0,"6":0,"7":0,"8":0,"9":0,"10":0},"f":{"0":2,"1":0,"2":0},"b":{},"_coverageSchema":"1a1c01bbd47fc00a2c39e90264f33305004495a9","hash":"4c392c7812803fb684ea448893f39cd556bf2fce"}
}
