TN:
SF:src\__test__\mocks\functions\dynamo_db.js
FN:3,(anonymous_0)
FN:4,(anonymous_1)
FN:7,(anonymous_2)
FN:13,(anonymous_3)
FNF:4
FNH:4
FNDA:3,(anonymous_0)
FNDA:3,(anonymous_1)
FNDA:1,(anonymous_2)
FNDA:2,(anonymous_3)
DA:1,1
DA:3,1
DA:4,3
DA:5,3
DA:6,1
DA:8,1
DA:12,2
DA:14,2
DA:30,1
LF:9
LH:9
BRDA:3,0,0,0
BRDA:5,1,0,1
BRDA:5,1,1,2
BRF:3
BRH:2
end_of_record
TN:
SF:src\__test__\mocks\mockedData\user.js
FNF:0
FNH:0
DA:1,1
DA:12,1
DA:21,1
LF:3
LH:3
BRF:0
BRH:0
end_of_record
TN:
SF:src\__test__\testUtils\eventGenerator.js
FN:1,(anonymous_0)
FNF:1
FNH:1
FNDA:3,(anonymous_0)
DA:1,1
DA:9,3
DA:49,3
DA:52,1
LF:4
LH:4
BRDA:4,0,0,3
BRDA:7,1,0,3
BRDA:10,2,0,0
BRDA:10,2,1,3
BRDA:16,3,0,3
BRDA:16,3,1,0
BRDA:17,4,0,3
BRDA:17,4,1,3
BRF:8
BRH:6
end_of_record
TN:
SF:src\__test__\testUtils\validators.js
FN:1,(anonymous_0)
FN:11,(anonymous_1)
FNF:2
FNH:2
FNDA:3,(anonymous_0)
FNDA:3,(anonymous_1)
DA:1,1
DA:2,3
DA:4,3
DA:5,3
DA:6,3
DA:7,3
DA:8,3
DA:11,1
DA:12,3
DA:18,0
DA:20,3
DA:23,1
LF:12
LH:11
BRDA:4,0,0,0
BRDA:4,0,1,3
BRDA:4,1,0,3
BRDA:4,1,1,3
BRDA:4,1,2,3
BRDA:5,2,0,0
BRDA:5,2,1,3
BRDA:6,3,0,0
BRDA:6,3,1,3
BRDA:7,4,0,0
BRDA:7,4,1,3
BRDA:12,5,0,0
BRDA:12,5,1,3
BRDA:14,6,0,3
BRDA:14,6,1,2
BRF:15
BRH:10
end_of_record
TN:
SF:src\controllers\user.js
FN:13,(anonymous_0)
FN:23,(anonymous_1)
FN:34,(anonymous_2)
FN:43,(anonymous_3)
FNF:4
FNH:1
FNDA:0,(anonymous_0)
FNDA:0,(anonymous_1)
FNDA:0,(anonymous_2)
FNDA:3,(anonymous_3)
DA:1,1
DA:2,1
DA:3,1
DA:4,1
DA:5,1
DA:6,1
DA:7,1
DA:8,1
DA:9,1
DA:11,1
DA:13,1
DA:14,0
DA:15,0
DA:16,0
DA:17,0
DA:19,0
DA:23,1
DA:24,0
DA:25,0
DA:26,0
DA:27,0
DA:28,0
DA:30,0
DA:34,1
DA:35,0
DA:36,0
DA:37,0
DA:39,0
DA:43,1
DA:44,3
DA:45,3
DA:46,3
DA:48,1
DA:50,2
DA:54,1
DA:60,1
DA:67,1
DA:73,1
DA:81,1
LF:39
LH:24
BRF:0
BRH:0
end_of_record
TN:
SF:src\schemas\user.js
FNF:0
FNH:0
DA:1,1
DA:25,1
DA:38,1
LF:3
LH:3
BRF:0
BRH:0
end_of_record
TN:
SF:src\services\user.js
FN:9,(anonymous_0)
FN:13,(anonymous_1)
FN:37,(anonymous_2)
FN:58,(anonymous_3)
FN:81,(anonymous_4)
FNF:5
FNH:2
FNDA:1,(anonymous_0)
FNDA:0,(anonymous_1)
FNDA:0,(anonymous_2)
FNDA:3,(anonymous_3)
FNDA:0,(anonymous_4)
DA:1,1
DA:2,1
DA:3,1
DA:4,1
DA:8,1
DA:10,1
DA:13,1
DA:14,0
DA:15,0
DA:16,0
DA:23,0
DA:24,0
DA:31,0
DA:37,1
DA:38,0
DA:39,0
DA:44,0
DA:45,0
DA:47,0
DA:49,0
DA:50,0
DA:52,0
DA:58,1
DA:59,3
DA:60,3
DA:66,2
DA:67,1
DA:70,1
DA:72,2
DA:73,1
DA:75,1
DA:81,1
DA:82,0
DA:83,0
DA:84,0
DA:85,0
DA:86,0
DA:94,0
DA:96,0
DA:97,0
DA:99,0
DA:106,1
LF:42
LH:19
BRDA:44,0,0,0
BRDA:44,0,1,0
BRDA:49,1,0,0
BRDA:49,1,1,0
BRDA:66,2,0,1
BRDA:66,2,1,1
BRDA:72,3,0,1
BRDA:72,3,1,1
BRDA:96,4,0,0
BRDA:96,4,1,0
BRF:10
BRH:4
end_of_record
TN:
SF:utils\utils.js
FN:1,(anonymous_0)
FN:16,(anonymous_1)
FN:22,(anonymous_2)
FNF:3
FNH:1
FNDA:2,(anonymous_0)
FNDA:0,(anonymous_1)
FNDA:0,(anonymous_2)
DA:1,2
DA:2,2
DA:12,2
DA:16,2
DA:17,0
DA:22,0
DA:23,0
DA:24,0
DA:25,0
DA:27,0
DA:28,0
LF:11
LH:4
BRF:0
BRH:0
end_of_record
